<?xml version="1.0" encoding="UTF-8"?>
<testsuite name="Realizar el diligenciamineto del formulario con el fin de crear un usuario" tests="1" skipped="0" failures="0" errors="0" timestamp="2022-04-01T22:37:28" hostname="CHMEPF3513FD" time="23.024">
  <properties/>
  <testcase name="ingresa a la pagina y crear usuario" classname="Realizar el diligenciamineto del formulario con el fin de crear un usuario" time="23.024"/>
  <system-out><![CDATA[]]></system-out>
  <system-err><![CDATA[abr 01, 2022 5:37:29 PM org.openqa.selenium.remote.DesiredCapabilities chrome
INFORMACIÓN: Using `new ChromeOptions()` is preferred to `DesiredCapabilities.chrome()`
Starting ChromeDriver 99.0.4844.51 (d537ec02474b5afe23684e7963d538896c63ac77-refs/branch-heads/4844@{#875}) on port 25852
Only local connections are allowed.
Please see https://chromedriver.chromium.org/security-considerations for suggestions on keeping ChromeDriver safe.
ChromeDriver was started successfully.
[1648852650.816][WARNING]: This version of ChromeDriver has not been tested with Chrome version 100.
abr 01, 2022 5:37:30 PM org.openqa.selenium.remote.ProtocolHandshake createSession
INFORMACIÓN: Detected dialect: W3C
[Test worker] INFO net.serenitybdd.core.Serenity - 
        __    _____ _____ ____ _____   ____   _    ____  ____  _____ ____  
  _     \ \  |_   _| ____/ ___|_   _| |  _ \ / \  / ___|/ ___|| ____|  _ \ 
 (_)_____| |   | | |  _| \___ \ | |   | |_) / _ \ \___ \\___ \|  _| | | | |
  _|_____| |   | | | |___ ___) || |   |  __/ ___ \ ___) |___) | |___| |_| |
 (_)     | |   |_| |_____|____/ |_|   |_| /_/   \_\____/|____/|_____|____/ 
        /_/                                                                

TEST PASSED: ingresa a la pagina y crear usuario
----------------------------------------------------------------------------
]]></system-err>
</testsuite>
